--2025-04-12 09:56:45--  http://www.saoing.com/
Resolving www.saoing.com (www.saoing.com)... 107.180.38.221
Connecting to www.saoing.com (www.saoing.com)|107.180.38.221|:80... connected.
HTTP request sent, awaiting response... 200 OK
Length: 41134 (40K) [text/html]
Saving to: ‘webpages-202504120956/www.saoing.com/index.html’

     0K .......... .......... .......... ..........           100% 3.66M=0.01s

2025-04-12 09:56:45 (3.66 MB/s) - ‘webpages-202504120956/www.saoing.com/index.html’ saved [41134/41134]

Loading robots.txt; please ignore errors.
--2025-04-12 09:56:45--  http://www.saoing.com/robots.txt
Reusing existing connection to www.saoing.com:80.
HTTP request sent, awaiting response... 404 Not Found
2025-04-12 09:56:45 ERROR 404: Not Found.

--2025-04-12 09:56:45--  http://www.saoing.com/Pictuer/logo.jpg
Reusing existing connection to www.saoing.com:80.
HTTP request sent, awaiting response... Read error (Connection reset by peer) in headers.
Retrying.

--2025-04-12 09:56:46--  (try: 2)  http://www.saoing.com/Pictuer/logo.jpg
Connecting to www.saoing.com (www.saoing.com)|107.180.38.221|:80... connected.
HTTP request sent, awaiting response... Read error (Connection reset by peer) in headers.
Retrying.

--2025-04-12 09:56:48--  (try: 3)  http://www.saoing.com/Pictuer/logo.jpg
Connecting to www.saoing.com (www.saoing.com)|107.180.38.221|:80... connected.
HTTP request sent, awaiting response... Read error (Connection reset by peer) in headers.
Giving up.

--2025-04-12 09:56:48--  http://www.saoing.com/Pictuer/dtmb01.gif
Connecting to www.saoing.com (www.saoing.com)|107.180.38.221|:80... connected.
HTTP request sent, awaiting response... Read error (Connection reset by peer) in headers.
Retrying.

--2025-04-12 09:56:49--  (try: 2)  http://www.saoing.com/Pictuer/dtmb01.gif
Connecting to www.saoing.com (www.saoing.com)|107.180.38.221|:80... connected.
HTTP request sent, awaiting response... Read error (Connection reset by peer) in headers.
Retrying.

--2025-04-12 09:56:51--  (try: 3)  http://www.saoing.com/Pictuer/dtmb01.gif
Connecting to www.saoing.com (www.saoing.com)|107.180.38.221|:80... connected.
HTTP request sent, awaiting response... Read error (Connection reset by peer) in headers.
Giving up.

--2025-04-12 09:56:51--  http://www.saoing.com/changqiang/EIRP.htm
Connecting to www.saoing.com (www.saoing.com)|107.180.38.221|:80... connected.
HTTP request sent, awaiting response... Read error (Connection reset by peer) in headers.
Retrying.

--2025-04-12 09:56:52--  (try: 2)  http://www.saoing.com/changqiang/EIRP.htm
Connecting to www.saoing.com (www.saoing.com)|107.180.38.221|:80... connected.
HTTP request sent, awaiting response... Read error (Connection reset by peer) in headers.
Retrying.

--2025-04-12 09:56:54--  (try: 3)  http://www.saoing.com/changqiang/EIRP.htm
Connecting to www.saoing.com (www.saoing.com)|107.180.38.221|:80... connected.
HTTP request sent, awaiting response... Read error (Connection reset by peer) in headers.
Giving up.

--2025-04-12 09:56:54--  http://www.saoing.com/DTMB/pictuer/20210318.jpg
Connecting to www.saoing.com (www.saoing.com)|107.180.38.221|:80... connected.
HTTP request sent, awaiting response... Read error (Connection reset by peer) in headers.
Retrying.

--2025-04-12 09:56:55--  (try: 2)  http://www.saoing.com/DTMB/pictuer/20210318.jpg
Connecting to www.saoing.com (www.saoing.com)|107.180.38.221|:80... connected.
HTTP request sent, awaiting response... Read error (Connection reset by peer) in headers.
Retrying.

--2025-04-12 09:56:57--  (try: 3)  http://www.saoing.com/DTMB/pictuer/20210318.jpg
Connecting to www.saoing.com (www.saoing.com)|107.180.38.221|:80... connected.
HTTP request sent, awaiting response... Read error (Connection reset by peer) in headers.
Giving up.

--2025-04-12 09:56:57--  http://www.saoing.com/36.0.htm
Connecting to www.saoing.com (www.saoing.com)|107.180.38.221|:80... connected.
HTTP request sent, awaiting response... Read error (Connection reset by peer) in headers.
Retrying.

--2025-04-12 09:56:58--  (try: 2)  http://www.saoing.com/36.0.htm
Connecting to www.saoing.com (www.saoing.com)|107.180.38.221|:80... connected.
HTTP request sent, awaiting response... Read error (Connection reset by peer) in headers.
Retrying.

--2025-04-12 09:57:00--  (try: 3)  http://www.saoing.com/36.0.htm
Connecting to www.saoing.com (www.saoing.com)|107.180.38.221|:80... connected.
HTTP request sent, awaiting response... Read error (Connection reset by peer) in headers.
Giving up.

--2025-04-12 09:57:00--  http://www.saoing.com/108.0.htm
Connecting to www.saoing.com (www.saoing.com)|107.180.38.221|:80... connected.
HTTP request sent, awaiting response... Read error (Connection reset by peer) in headers.
Retrying.

--2025-04-12 09:57:01--  (try: 2)  http://www.saoing.com/108.0.htm
Connecting to www.saoing.com (www.saoing.com)|107.180.38.221|:80... connected.
HTTP request sent, awaiting response... Read error (Connection reset by peer) in headers.
Retrying.

--2025-04-12 09:57:03--  (try: 3)  http://www.saoing.com/108.0.htm
Connecting to www.saoing.com (www.saoing.com)|107.180.38.221|:80... connected.
HTTP request sent, awaiting response... Read error (Connection reset by peer) in headers.
Giving up.

--2025-04-12 09:57:03--  http://www.saoing.com/38.0.htm
Connecting to www.saoing.com (www.saoing.com)|107.180.38.221|:80... connected.
HTTP request sent, awaiting response... Read error (Connection reset by peer) in headers.
Retrying.

--2025-04-12 09:57:04--  (try: 2)  http://www.saoing.com/38.0.htm
Connecting to www.saoing.com (www.saoing.com)|107.180.38.221|:80... connected.
HTTP request sent, awaiting response... Read error (Connection reset by peer) in headers.
Retrying.

--2025-04-12 09:57:06--  (try: 3)  http://www.saoing.com/38.0.htm
Connecting to www.saoing.com (www.saoing.com)|107.180.38.221|:80... connected.
HTTP request sent, awaiting response... Read error (Connection reset by peer) in headers.
Giving up.

--2025-04-12 09:57:06--  http://www.saoing.com/108.2.htm
Connecting to www.saoing.com (www.saoing.com)|107.180.38.221|:80... connected.
HTTP request sent, awaiting response... Read error (Connection reset by peer) in headers.
Retrying.

--2025-04-12 09:57:07--  (try: 2)  http://www.saoing.com/108.2.htm
Connecting to www.saoing.com (www.saoing.com)|107.180.38.221|:80... connected.
HTTP request sent, awaiting response... Read error (Connection reset by peer) in headers.
Retrying.

--2025-04-12 09:57:09--  (try: 3)  http://www.saoing.com/108.2.htm
Connecting to www.saoing.com (www.saoing.com)|107.180.38.221|:80... connected.
HTTP request sent, awaiting response... Read error (Connection reset by peer) in headers.
Giving up.

--2025-04-12 09:57:09--  http://www.saoing.com/40.0.htm
Connecting to www.saoing.com (www.saoing.com)|107.180.38.221|:80... connected.
HTTP request sent, awaiting response... Read error (Connection reset by peer) in headers.
Retrying.

--2025-04-12 09:57:10--  (try: 2)  http://www.saoing.com/40.0.htm
Connecting to www.saoing.com (www.saoing.com)|107.180.38.221|:80... connected.
HTTP request sent, awaiting response... Read error (Connection reset by peer) in headers.
Retrying.

--2025-04-12 09:57:12--  (try: 3)  http://www.saoing.com/40.0.htm
Connecting to www.saoing.com (www.saoing.com)|107.180.38.221|:80... connected.
HTTP request sent, awaiting response... Read error (Connection reset by peer) in headers.
Giving up.

--2025-04-12 09:57:12--  http://www.saoing.com/110.0-BS.htm
Connecting to www.saoing.com (www.saoing.com)|107.180.38.221|:80... connected.
HTTP request sent, awaiting response... Read error (Connection reset by peer) in headers.
Retrying.

--2025-04-12 09:57:13--  (try: 2)  http://www.saoing.com/110.0-BS.htm
Connecting to www.saoing.com (www.saoing.com)|107.180.38.221|:80... connected.
HTTP request sent, awaiting response... Read error (Connection reset by peer) in headers.
Retrying.

--2025-04-12 09:57:15--  (try: 3)  http://www.saoing.com/110.0-BS.htm
Connecting to www.saoing.com (www.saoing.com)|107.180.38.221|:80... connected.
HTTP request sent, awaiting response... Read error (Connection reset by peer) in headers.
Giving up.

--2025-04-12 09:57:15--  http://www.saoing.com/42.0.htm
Connecting to www.saoing.com (www.saoing.com)|107.180.38.221|:80... connected.
HTTP request sent, awaiting response... Read error (Connection reset by peer) in headers.
Retrying.

--2025-04-12 09:57:16--  (try: 2)  http://www.saoing.com/42.0.htm
Connecting to www.saoing.com (www.saoing.com)|107.180.38.221|:80... connected.
HTTP request sent, awaiting response... Read error (Connection reset by peer) in headers.
Retrying.

--2025-04-12 09:57:18--  (try: 3)  http://www.saoing.com/42.0.htm
Connecting to www.saoing.com (www.saoing.com)|107.180.38.221|:80... connected.
HTTP request sent, awaiting response... Read error (Connection reset by peer) in headers.
Giving up.

--2025-04-12 09:57:18--  http://www.saoing.com/110.0-CS.htm
Connecting to www.saoing.com (www.saoing.com)|107.180.38.221|:80... connected.
HTTP request sent, awaiting response... Read error (Connection reset by peer) in headers.
Retrying.

--2025-04-12 09:57:19--  (try: 2)  http://www.saoing.com/110.0-CS.htm
Connecting to www.saoing.com (www.saoing.com)|107.180.38.221|:80... connected.
HTTP request sent, awaiting response... Read error (Connection reset by peer) in headers.
Retrying.

--2025-04-12 09:57:21--  (try: 3)  http://www.saoing.com/110.0-CS.htm
Connecting to www.saoing.com (www.saoing.com)|107.180.38.221|:80... connected.
HTTP request sent, awaiting response... Read error (Connection reset by peer) in headers.
Giving up.

--2025-04-12 09:57:21--  http://www.saoing.com/45.0.htm
Connecting to www.saoing.com (www.saoing.com)|107.180.38.221|:80... connected.
HTTP request sent, awaiting response... Read error (Connection reset by peer) in headers.
Retrying.

--2025-04-12 09:57:22--  (try: 2)  http://www.saoing.com/45.0.htm
Connecting to www.saoing.com (www.saoing.com)|107.180.38.221|:80... connected.
HTTP request sent, awaiting response... Read error (Connection reset by peer) in headers.
Retrying.

--2025-04-12 09:57:24--  (try: 3)  http://www.saoing.com/45.0.htm
Connecting to www.saoing.com (www.saoing.com)|107.180.38.221|:80... connected.
HTTP request sent, awaiting response... Read error (Connection reset by peer) in headers.
Giving up.

--2025-04-12 09:57:24--  http://www.saoing.com/110.5.htm
Connecting to www.saoing.com (www.saoing.com)|107.180.38.221|:80... connected.
HTTP request sent, awaiting response... Read error (Connection reset by peer) in headers.
Retrying.

--2025-04-12 09:57:25--  (try: 2)  http://www.saoing.com/110.5.htm
Connecting to www.saoing.com (www.saoing.com)|107.180.38.221|:80... connected.
HTTP request sent, awaiting response... Read error (Connection reset by peer) in headers.
Retrying.

--2025-04-12 09:57:27--  (try: 3)  http://www.saoing.com/110.5.htm
Connecting to www.saoing.com (www.saoing.com)|107.180.38.221|:80... connected.
HTTP request sent, awaiting response... Read error (Connection reset by peer) in headers.
Giving up.

--2025-04-12 09:57:27--  http://www.saoing.com/46.0.htm
Connecting to www.saoing.com (www.saoing.com)|107.180.38.221|:80... connected.
HTTP request sent, awaiting response... Read error (Connection reset by peer) in headers.
Retrying.

--2025-04-12 09:57:28--  (try: 2)  http://www.saoing.com/46.0.htm
Connecting to www.saoing.com (www.saoing.com)|107.180.38.221|:80... connected.
HTTP request sent, awaiting response... Read error (Connection reset by peer) in headers.
Retrying.

--2025-04-12 09:57:30--  (try: 3)  http://www.saoing.com/46.0.htm
Connecting to www.saoing.com (www.saoing.com)|107.180.38.221|:80... connected.
HTTP request sent, awaiting response... Read error (Connection reset by peer) in headers.
Giving up.

--2025-04-12 09:57:30--  http://www.saoing.com/113.0-Koreasat5A.htm
Connecting to www.saoing.com (www.saoing.com)|107.180.38.221|:80... connected.
HTTP request sent, awaiting response... Read error (Connection reset by peer) in headers.
Retrying.

--2025-04-12 09:57:31--  (try: 2)  http://www.saoing.com/113.0-Koreasat5A.htm
Connecting to www.saoing.com (www.saoing.com)|107.180.38.221|:80... connected.
HTTP request sent, awaiting response... Read error (Connection reset by peer) in headers.
Retrying.

--2025-04-12 09:57:33--  (try: 3)  http://www.saoing.com/113.0-Koreasat5A.htm
Connecting to www.saoing.com (www.saoing.com)|107.180.38.221|:80... connected.
HTTP request sent, awaiting response... Read error (Connection reset by peer) in headers.
Giving up.

--2025-04-12 09:57:33--  http://www.saoing.com/49.0.htm
Connecting to www.saoing.com (www.saoing.com)|107.180.38.221|:80... connected.
HTTP request sent, awaiting response... Read error (Connection reset by peer) in headers.
Retrying.

--2025-04-12 09:57:35--  (try: 2)  http://www.saoing.com/49.0.htm
Connecting to www.saoing.com (www.saoing.com)|107.180.38.221|:80... connected.
HTTP request sent, awaiting response... Read error (Connection reset by peer) in headers.
Retrying.

--2025-04-12 09:57:37--  (try: 3)  http://www.saoing.com/49.0.htm
Connecting to www.saoing.com (www.saoing.com)|107.180.38.221|:80... connected.
HTTP request sent, awaiting response... Read error (Connection reset by peer) in headers.
Giving up.

--2025-04-12 09:57:37--  http://www.saoing.com/115.5.htm
Connecting to www.saoing.com (www.saoing.com)|107.180.38.221|:80... connected.
HTTP request sent, awaiting response... Read error (Connection reset by peer) in headers.
Retrying.

--2025-04-12 09:57:38--  (try: 2)  http://www.saoing.com/115.5.htm
Connecting to www.saoing.com (www.saoing.com)|107.180.38.221|:80... connected.
HTTP request sent, awaiting response... Read error (Connection reset by peer) in headers.
Retrying.

--2025-04-12 09:57:40--  (try: 3)  http://www.saoing.com/115.5.htm
Connecting to www.saoing.com (www.saoing.com)|107.180.38.221|:80... connected.
HTTP request sent, awaiting response... Read error (Connection reset by peer) in headers.
Giving up.

--2025-04-12 09:57:40--  http://www.saoing.com/50.0.htm
Connecting to www.saoing.com (www.saoing.com)|107.180.38.221|:80... connected.
HTTP request sent, awaiting response... Read error (Connection reset by peer) in headers.
Retrying.

--2025-04-12 09:57:41--  (try: 2)  http://www.saoing.com/50.0.htm
Connecting to www.saoing.com (www.saoing.com)|107.180.38.221|:80... connected.
HTTP request sent, awaiting response... Read error (Connection reset by peer) in headers.
Retrying.

--2025-04-12 09:57:43--  (try: 3)  http://www.saoing.com/50.0.htm
Connecting to www.saoing.com (www.saoing.com)|107.180.38.221|:80... connected.
HTTP request sent, awaiting response... Read error (Connection reset by peer) in headers.
Giving up.

--2025-04-12 09:57:43--  http://www.saoing.com/116.0.htm
Connecting to www.saoing.com (www.saoing.com)|107.180.38.221|:80... connected.
HTTP request sent, awaiting response... Read error (Connection reset by peer) in headers.
Retrying.

--2025-04-12 09:57:44--  (try: 2)  http://www.saoing.com/116.0.htm
Connecting to www.saoing.com (www.saoing.com)|107.180.38.221|:80... connected.
HTTP request sent, awaiting response... Read error (Connection reset by peer) in headers.
Retrying.

--2025-04-12 09:57:46--  (try: 3)  http://www.saoing.com/116.0.htm
Connecting to www.saoing.com (www.saoing.com)|107.180.38.221|:80... connected.
HTTP request sent, awaiting response... Read error (Connection reset by peer) in headers.
Giving up.

--2025-04-12 09:57:46--  http://www.saoing.com/51.5.htm
Connecting to www.saoing.com (www.saoing.com)|107.180.38.221|:80... connected.
HTTP request sent, awaiting response... Read error (Connection reset by peer) in headers.
Retrying.

--2025-04-12 09:57:47--  (try: 2)  http://www.saoing.com/51.5.htm
Connecting to www.saoing.com (www.saoing.com)|107.180.38.221|:80... connected.
HTTP request sent, awaiting response... Read error (Connection reset by peer) in headers.
Retrying.

--2025-04-12 09:57:49--  (try: 3)  http://www.saoing.com/51.5.htm
Connecting to www.saoing.com (www.saoing.com)|107.180.38.221|:80... connected.
HTTP request sent, awaiting response... Read error (Connection reset by peer) in headers.
Giving up.

--2025-04-12 09:57:49--  http://www.saoing.com/52.0.htm
Connecting to www.saoing.com (www.saoing.com)|107.180.38.221|:80... connected.
HTTP request sent, awaiting response... Read error (Connection reset by peer) in headers.
Retrying.

--2025-04-12 09:57:50--  (try: 2)  http://www.saoing.com/52.0.htm
Connecting to www.saoing.com (www.saoing.com)|107.180.38.221|:80... connected.
HTTP request sent, awaiting response... Read error (Connection reset by peer) in headers.
Retrying.

--2025-04-12 09:57:52--  (try: 3)  http://www.saoing.com/52.0.htm
Connecting to www.saoing.com (www.saoing.com)|107.180.38.221|:80... connected.
HTTP request sent, awaiting response... Read error (Connection reset by peer) in headers.
Giving up.

--2025-04-12 09:57:52--  http://www.saoing.com/118.0.htm
Connecting to www.saoing.com (www.saoing.com)|107.180.38.221|:80... connected.
HTTP request sent, awaiting response... Read error (Connection reset by peer) in headers.
Retrying.

--2025-04-12 09:57:53--  (try: 2)  http://www.saoing.com/118.0.htm
Connecting to www.saoing.com (www.saoing.com)|107.180.38.221|:80... connected.
HTTP request sent, awaiting response... Read error (Connection reset by peer) in headers.
Retrying.

--2025-04-12 09:57:55--  (try: 3)  http://www.saoing.com/118.0.htm
Connecting to www.saoing.com (www.saoing.com)|107.180.38.221|:80... connected.
HTTP request sent, awaiting response... Read error (Connection reset by peer) in headers.
Giving up.

--2025-04-12 09:57:55--  http://www.saoing.com/52.5.htm
Connecting to www.saoing.com (www.saoing.com)|107.180.38.221|:80... connected.
HTTP request sent, awaiting response... Read error (Connection reset by peer) in headers.
Retrying.

--2025-04-12 09:57:56--  (try: 2)  http://www.saoing.com/52.5.htm
Connecting to www.saoing.com (www.saoing.com)|107.180.38.221|:80... connected.
HTTP request sent, awaiting response... Read error (Connection reset by peer) in headers.
Retrying.

--2025-04-12 09:57:58--  (try: 3)  http://www.saoing.com/52.5.htm
Connecting to www.saoing.com (www.saoing.com)|107.180.38.221|:80... connected.
HTTP request sent, awaiting response... Read error (Connection reset by peer) in headers.
Giving up.

--2025-04-12 09:57:58--  http://www.saoing.com/119.1.htm
Connecting to www.saoing.com (www.saoing.com)|107.180.38.221|:80... connected.
HTTP request sent, awaiting response... Read error (Connection reset by peer) in headers.
Retrying.

--2025-04-12 09:57:59--  (try: 2)  http://www.saoing.com/119.1.htm
Connecting to www.saoing.com (www.saoing.com)|107.180.38.221|:80... connected.
HTTP request sent, awaiting response... Read error (Connection reset by peer) in headers.
Retrying.

--2025-04-12 09:58:01--  (try: 3)  http://www.saoing.com/119.1.htm
Connecting to www.saoing.com (www.saoing.com)|107.180.38.221|:80... connected.
HTTP request sent, awaiting response... Read error (Connection reset by peer) in headers.
Giving up.

--2025-04-12 09:58:01--  http://www.saoing.com/53.0.htm
Connecting to www.saoing.com (www.saoing.com)|107.180.38.221|:80... connected.
HTTP request sent, awaiting response... Read error (Connection reset by peer) in headers.
Retrying.

--2025-04-12 09:58:02--  (try: 2)  http://www.saoing.com/53.0.htm
Connecting to www.saoing.com (www.saoing.com)|107.180.38.221|:80... connected.
HTTP request sent, awaiting response... Read error (Connection reset by peer) in headers.
Retrying.

--2025-04-12 09:58:04--  (try: 3)  http://www.saoing.com/53.0.htm
Connecting to www.saoing.com (www.saoing.com)|107.180.38.221|:80... connected.
HTTP request sent, awaiting response... Read error (Connection reset by peer) in headers.
Giving up.

--2025-04-12 09:58:04--  http://www.saoing.com/119.5.htm
Connecting to www.saoing.com (www.saoing.com)|107.180.38.221|:80... connected.
HTTP request sent, awaiting response... Read error (Connection reset by peer) in headers.
Retrying.

--2025-04-12 09:58:05--  (try: 2)  http://www.saoing.com/119.5.htm
Connecting to www.saoing.com (www.saoing.com)|107.180.38.221|:80... connected.
HTTP request sent, awaiting response... Read error (Connection reset by peer) in headers.
Retrying.

--2025-04-12 09:58:07--  (try: 3)  http://www.saoing.com/119.5.htm
Connecting to www.saoing.com (www.saoing.com)|107.180.38.221|:80... connected.
HTTP request sent, awaiting response... Read error (Connection reset by peer) in headers.
Giving up.

--2025-04-12 09:58:07--  http://www.saoing.com/54.9.htm
Connecting to www.saoing.com (www.saoing.com)|107.180.38.221|:80... connected.
HTTP request sent, awaiting response... Read error (Connection reset by peer) in headers.
Retrying.

--2025-04-12 09:58:08--  (try: 2)  http://www.saoing.com/54.9.htm
Connecting to www.saoing.com (www.saoing.com)|107.180.38.221|:80... connected.
HTTP request sent, awaiting response... Read error (Connection reset by peer) in headers.
Retrying.

--2025-04-12 09:58:10--  (try: 3)  http://www.saoing.com/54.9.htm
Connecting to www.saoing.com (www.saoing.com)|107.180.38.221|:80... connected.
HTTP request sent, awaiting response... Read error (Connection reset by peer) in headers.
Giving up.

--2025-04-12 09:58:10--  http://www.saoing.com/120.0.htm
Connecting to www.saoing.com (www.saoing.com)|107.180.38.221|:80... connected.
HTTP request sent, awaiting response... Read error (Connection reset by peer) in headers.
Retrying.

--2025-04-12 09:58:11--  (try: 2)  http://www.saoing.com/120.0.htm
Connecting to www.saoing.com (www.saoing.com)|107.180.38.221|:80... connected.
HTTP request sent, awaiting response... Read error (Connection reset by peer) in headers.
Retrying.

--2025-04-12 09:58:13--  (try: 3)  http://www.saoing.com/120.0.htm
Connecting to www.saoing.com (www.saoing.com)|107.180.38.221|:80... connected.
HTTP request sent, awaiting response... Read error (Connection reset by peer) in headers.
Giving up.

--2025-04-12 09:58:13--  http://www.saoing.com/55.0.htm
Connecting to www.saoing.com (www.saoing.com)|107.180.38.221|:80... connected.
HTTP request sent, awaiting response... Read error (Connection reset by peer) in headers.
Retrying.

--2025-04-12 09:58:14--  (try: 2)  http://www.saoing.com/55.0.htm
Connecting to www.saoing.com (www.saoing.com)|107.180.38.221|:80... connected.
HTTP request sent, awaiting response... Read error (Connection reset by peer) in headers.
Retrying.

--2025-04-12 09:58:16--  (try: 3)  http://www.saoing.com/55.0.htm
Connecting to www.saoing.com (www.saoing.com)|107.180.38.221|:80... connected.
HTTP request sent, awaiting response... Read error (Connection reset by peer) in headers.
Giving up.

--2025-04-12 09:58:16--  http://www.saoing.com/122.0.htm
Connecting to www.saoing.com (www.saoing.com)|107.180.38.221|:80... connected.
HTTP request sent, awaiting response... Read error (Connection reset by peer) in headers.
Retrying.

--2025-04-12 09:58:17--  (try: 2)  http://www.saoing.com/122.0.htm
Connecting to www.saoing.com (www.saoing.com)|107.180.38.221|:80... connected.
HTTP request sent, awaiting response... Read error (Connection reset by peer) in headers.
Retrying.

--2025-04-12 09:58:19--  (try: 3)  http://www.saoing.com/122.0.htm
Connecting to www.saoing.com (www.saoing.com)|107.180.38.221|:80... connected.
HTTP request sent, awaiting response... Read error (Connection reset by peer) in headers.
Giving up.

--2025-04-12 09:58:19--  http://www.saoing.com/56.0.htm
Connecting to www.saoing.com (www.saoing.com)|107.180.38.221|:80... connected.
HTTP request sent, awaiting response... Read error (Connection reset by peer) in headers.
Retrying.

--2025-04-12 09:58:20--  (try: 2)  http://www.saoing.com/56.0.htm
Connecting to www.saoing.com (www.saoing.com)|107.180.38.221|:80... connected.
HTTP request sent, awaiting response... Read error (Connection reset by peer) in headers.
Retrying.

--2025-04-12 09:58:22--  (try: 3)  http://www.saoing.com/56.0.htm
Connecting to www.saoing.com (www.saoing.com)|107.180.38.221|:80... connected.
HTTP request sent, awaiting response... Read error (Connection reset by peer) in headers.
Giving up.

--2025-04-12 09:58:22--  http://www.saoing.com/124.0.htm
Connecting to www.saoing.com (www.saoing.com)|107.180.38.221|:80... connected.
HTTP request sent, awaiting response... Read error (Connection reset by peer) in headers.
Retrying.

--2025-04-12 09:58:23--  (try: 2)  http://www.saoing.com/124.0.htm
Connecting to www.saoing.com (www.saoing.com)|107.180.38.221|:80... connected.
HTTP request sent, awaiting response... Read error (Connection reset by peer) in headers.
Retrying.

--2025-04-12 09:58:25--  (try: 3)  http://www.saoing.com/124.0.htm
Connecting to www.saoing.com (www.saoing.com)|107.180.38.221|:80... connected.
HTTP request sent, awaiting response... Read error (Connection reset by peer) in headers.
Giving up.

--2025-04-12 09:58:25--  http://www.saoing.com/57.0.htm
Connecting to www.saoing.com (www.saoing.com)|107.180.38.221|:80... connected.
HTTP request sent, awaiting response... Read error (Connection reset by peer) in headers.
Retrying.

--2025-04-12 09:58:26--  (try: 2)  http://www.saoing.com/57.0.htm
Connecting to www.saoing.com (www.saoing.com)|107.180.38.221|:80... connected.
HTTP request sent, awaiting response... Read error (Connection reset by peer) in headers.
Retrying.

--2025-04-12 09:58:28--  (try: 3)  http://www.saoing.com/57.0.htm
Connecting to www.saoing.com (www.saoing.com)|107.180.38.221|:80... connected.
HTTP request sent, awaiting response... Read error (Connection reset by peer) in headers.
Giving up.

--2025-04-12 09:58:28--  http://www.saoing.com/125.0.htm
Connecting to www.saoing.com (www.saoing.com)|107.180.38.221|:80... connected.
HTTP request sent, awaiting response... Read error (Connection reset by peer) in headers.
Retrying.

--2025-04-12 09:58:29--  (try: 2)  http://www.saoing.com/125.0.htm
Connecting to www.saoing.com (www.saoing.com)|107.180.38.221|:80... connected.
HTTP request sent, awaiting response... Read error (Connection reset by peer) in headers.
Retrying.

--2025-04-12 09:58:31--  (try: 3)  http://www.saoing.com/125.0.htm
Connecting to www.saoing.com (www.saoing.com)|107.180.38.221|:80... connected.
HTTP request sent, awaiting response... Read error (Connection reset by peer) in headers.
Giving up.

--2025-04-12 09:58:31--  http://www.saoing.com/62.0.htm
Connecting to www.saoing.com (www.saoing.com)|107.180.38.221|:80... connected.
HTTP request sent, awaiting response... Read error (Connection reset by peer) in headers.
Retrying.

--2025-04-12 09:58:32--  (try: 2)  http://www.saoing.com/62.0.htm
Connecting to www.saoing.com (www.saoing.com)|107.180.38.221|:80... connected.
HTTP request sent, awaiting response... Read error (Connection reset by peer) in headers.
Retrying.

--2025-04-12 09:58:34--  (try: 3)  http://www.saoing.com/62.0.htm
Connecting to www.saoing.com (www.saoing.com)|107.180.38.221|:80... connected.
HTTP request sent, awaiting response... Read error (Connection reset by peer) in headers.
Giving up.

--2025-04-12 09:58:34--  http://www.saoing.com/65.0.htm
Connecting to www.saoing.com (www.saoing.com)|107.180.38.221|:80... connected.
HTTP request sent, awaiting response... Read error (Connection reset by peer) in headers.
Retrying.

--2025-04-12 09:58:35--  (try: 2)  http://www.saoing.com/65.0.htm
Connecting to www.saoing.com (www.saoing.com)|107.180.38.221|:80... connected.
HTTP request sent, awaiting response... Read error (Connection reset by peer) in headers.
Retrying.

--2025-04-12 09:58:37--  (try: 3)  http://www.saoing.com/65.0.htm
Connecting to www.saoing.com (www.saoing.com)|107.180.38.221|:80... connected.
HTTP request sent, awaiting response... Read error (Connection reset by peer) in headers.
Giving up.

--2025-04-12 09:58:37--  http://www.saoing.com/128.0.htm
Connecting to www.saoing.com (www.saoing.com)|107.180.38.221|:80... connected.
HTTP request sent, awaiting response... Read error (Connection reset by peer) in headers.
Retrying.

--2025-04-12 09:58:38--  (try: 2)  http://www.saoing.com/128.0.htm
Connecting to www.saoing.com (www.saoing.com)|107.180.38.221|:80... connected.
HTTP request sent, awaiting response... Read error (Connection reset by peer) in headers.
Retrying.

--2025-04-12 09:58:40--  (try: 3)  http://www.saoing.com/128.0.htm
Connecting to www.saoing.com (www.saoing.com)|107.180.38.221|:80... connected.
HTTP request sent, awaiting response... Read error (Connection reset by peer) in headers.
Giving up.

--2025-04-12 09:58:40--  http://www.saoing.com/66.0.htm
Connecting to www.saoing.com (www.saoing.com)|107.180.38.221|:80... connected.
HTTP request sent, awaiting response... Read error (Connection reset by peer) in headers.
Retrying.

--2025-04-12 09:58:41--  (try: 2)  http://www.saoing.com/66.0.htm
Connecting to www.saoing.com (www.saoing.com)|107.180.38.221|:80... connected.
HTTP request sent, awaiting response... Read error (Connection reset by peer) in headers.
Retrying.

--2025-04-12 09:58:43--  (try: 3)  http://www.saoing.com/66.0.htm
Connecting to www.saoing.com (www.saoing.com)|107.180.38.221|:80... connected.
HTTP request sent, awaiting response... Read error (Connection reset by peer) in headers.
Giving up.

--2025-04-12 09:58:43--  http://www.saoing.com/128.0-Cosmos.htm
Connecting to www.saoing.com (www.saoing.com)|107.180.38.221|:80... connected.
HTTP request sent, awaiting response... Read error (Connection reset by peer) in headers.
Retrying.

--2025-04-12 09:58:44--  (try: 2)  http://www.saoing.com/128.0-Cosmos.htm
Connecting to www.saoing.com (www.saoing.com)|107.180.38.221|:80... connected.
HTTP request sent, awaiting response... Read error (Connection reset by peer) in headers.
Retrying.

--2025-04-12 09:58:46--  (try: 3)  http://www.saoing.com/128.0-Cosmos.htm
Connecting to www.saoing.com (www.saoing.com)|107.180.38.221|:80... connected.
HTTP request sent, awaiting response... Read error (Connection reset by peer) in headers.
Giving up.

--2025-04-12 09:58:47--  http://www.saoing.com/68.5.htm
Connecting to www.saoing.com (www.saoing.com)|107.180.38.221|:80... connected.
HTTP request sent, awaiting response... Read error (Connection reset by peer) in headers.
Retrying.

--2025-04-12 09:58:48--  (try: 2)  http://www.saoing.com/68.5.htm
Connecting to www.saoing.com (www.saoing.com)|107.180.38.221|:80... connected.
HTTP request sent, awaiting response... Read error (Connection reset by peer) in headers.
Retrying.

--2025-04-12 09:58:50--  (try: 3)  http://www.saoing.com/68.5.htm
Connecting to www.saoing.com (www.saoing.com)|107.180.38.221|:80... connected.
HTTP request sent, awaiting response... Read error (Connection reset by peer) in headers.
Giving up.

--2025-04-12 09:58:50--  http://www.saoing.com/128.5.htm
Connecting to www.saoing.com (www.saoing.com)|107.180.38.221|:80... connected.
HTTP request sent, awaiting response... Read error (Connection reset by peer) in headers.
Retrying.

--2025-04-12 09:58:51--  (try: 2)  http://www.saoing.com/128.5.htm
Connecting to www.saoing.com (www.saoing.com)|107.180.38.221|:80... connected.
HTTP request sent, awaiting response... Read error (Connection reset by peer) in headers.
Retrying.

--2025-04-12 09:58:53--  (try: 3)  http://www.saoing.com/128.5.htm
Connecting to www.saoing.com (www.saoing.com)|107.180.38.221|:80... connected.
HTTP request sent, awaiting response... Read error (Connection reset by peer) in headers.
Giving up.

--2025-04-12 09:58:53--  http://www.saoing.com/70.5.htm
Connecting to www.saoing.com (www.saoing.com)|107.180.38.221|:80... connected.
HTTP request sent, awaiting response... Read error (Connection reset by peer) in headers.
Retrying.

--2025-04-12 09:58:54--  (try: 2)  http://www.saoing.com/70.5.htm
Connecting to www.saoing.com (www.saoing.com)|107.180.38.221|:80... connected.
HTTP request sent, awaiting response... Read error (Connection reset by peer) in headers.
Retrying.

--2025-04-12 09:58:56--  (try: 3)  http://www.saoing.com/70.5.htm
Connecting to www.saoing.com (www.saoing.com)|107.180.38.221|:80... connected.
HTTP request sent, awaiting response... Read error (Connection reset by peer) in headers.
Giving up.

--2025-04-12 09:58:56--  http://www.saoing.com/130.0.htm
Connecting to www.saoing.com (www.saoing.com)|107.180.38.221|:80... connected.
HTTP request sent, awaiting response... Read error (Connection reset by peer) in headers.
Retrying.

--2025-04-12 09:58:57--  (try: 2)  http://www.saoing.com/130.0.htm
Connecting to www.saoing.com (www.saoing.com)|107.180.38.221|:80... connected.
HTTP request sent, awaiting response... Read error (Connection reset by peer) in headers.
Retrying.

--2025-04-12 09:58:59--  (try: 3)  http://www.saoing.com/130.0.htm
Connecting to www.saoing.com (www.saoing.com)|107.180.38.221|:80... connected.
HTTP request sent, awaiting response... Read error (Connection reset by peer) in headers.
Giving up.

--2025-04-12 09:58:59--  http://www.saoing.com/72.0.htm
Connecting to www.saoing.com (www.saoing.com)|107.180.38.221|:80... connected.
HTTP request sent, awaiting response... Read error (Connection reset by peer) in headers.
Retrying.

--2025-04-12 09:59:00--  (try: 2)  http://www.saoing.com/72.0.htm
Connecting to www.saoing.com (www.saoing.com)|107.180.38.221|:80... connected.
HTTP request sent, awaiting response... Read error (Connection reset by peer) in headers.
Retrying.

--2025-04-12 09:59:02--  (try: 3)  http://www.saoing.com/72.0.htm
Connecting to www.saoing.com (www.saoing.com)|107.180.38.221|:80... connected.
HTTP request sent, awaiting response... Read error (Connection reset by peer) in headers.
Giving up.

--2025-04-12 09:59:02--  http://www.saoing.com/132.0-Vinasat.htm
Connecting to www.saoing.com (www.saoing.com)|107.180.38.221|:80... connected.
HTTP request sent, awaiting response... Read error (Connection reset by peer) in headers.
Retrying.

--2025-04-12 09:59:03--  (try: 2)  http://www.saoing.com/132.0-Vinasat.htm
Connecting to www.saoing.com (www.saoing.com)|107.180.38.221|:80... connected.
HTTP request sent, awaiting response... Read error (Connection reset by peer) in headers.
Retrying.

--2025-04-12 09:59:05--  (try: 3)  http://www.saoing.com/132.0-Vinasat.htm
Connecting to www.saoing.com (www.saoing.com)|107.180.38.221|:80... connected.
HTTP request sent, awaiting response... Read error (Connection reset by peer) in headers.
Giving up.

--2025-04-12 09:59:05--  http://www.saoing.com/74.0.htm
Connecting to www.saoing.com (www.saoing.com)|107.180.38.221|:80... connected.
HTTP request sent, awaiting response... Read error (Connection reset by peer) in headers.
Retrying.

--2025-04-12 09:59:06--  (try: 2)  http://www.saoing.com/74.0.htm
Connecting to www.saoing.com (www.saoing.com)|107.180.38.221|:80... connected.
HTTP request sent, awaiting response... Read error (Connection reset by peer) in headers.
Retrying.

--2025-04-12 09:59:08--  (try: 3)  http://www.saoing.com/74.0.htm
Connecting to www.saoing.com (www.saoing.com)|107.180.38.221|:80... connected.
HTTP request sent, awaiting response... Read error (Connection reset by peer) in headers.
Giving up.

--2025-04-12 09:59:08--  http://www.saoing.com/132.0-JCSAT5A.htm
Connecting to www.saoing.com (www.saoing.com)|107.180.38.221|:80... connected.
HTTP request sent, awaiting response... Read error (Connection reset by peer) in headers.
Retrying.

--2025-04-12 09:59:09--  (try: 2)  http://www.saoing.com/132.0-JCSAT5A.htm
Connecting to www.saoing.com (www.saoing.com)|107.180.38.221|:80... connected.
HTTP request sent, awaiting response... Read error (Connection reset by peer) in headers.
Retrying.

--2025-04-12 09:59:11--  (try: 3)  http://www.saoing.com/132.0-JCSAT5A.htm
Connecting to www.saoing.com (www.saoing.com)|107.180.38.221|:80... connected.
HTTP request sent, awaiting response... Read error (Connection reset by peer) in headers.
Giving up.

--2025-04-12 09:59:11--  http://www.saoing.com/75.0.htm
Connecting to www.saoing.com (www.saoing.com)|107.180.38.221|:80... connected.
HTTP request sent, awaiting response... Read error (Connection reset by peer) in headers.
Retrying.

--2025-04-12 09:59:12--  (try: 2)  http://www.saoing.com/75.0.htm
Connecting to www.saoing.com (www.saoing.com)|107.180.38.221|:80... connected.
HTTP request sent, awaiting response... Read error (Connection reset by peer) in headers.
Retrying.

--2025-04-12 09:59:14--  (try: 3)  http://www.saoing.com/75.0.htm
Connecting to www.saoing.com (www.saoing.com)|107.180.38.221|:80... connected.
HTTP request sent, awaiting response... Read error (Connection reset by peer) in headers.
Giving up.

--2025-04-12 09:59:14--  http://www.saoing.com/134.0.htm
Connecting to www.saoing.com (www.saoing.com)|107.180.38.221|:80... connected.
HTTP request sent, awaiting response... Read error (Connection reset by peer) in headers.
Retrying.

--2025-04-12 09:59:15--  (try: 2)  http://www.saoing.com/134.0.htm
Connecting to www.saoing.com (www.saoing.com)|107.180.38.221|:80... connected.
HTTP request sent, awaiting response... Read error (Connection reset by peer) in headers.
Retrying.

--2025-04-12 09:59:17--  (try: 3)  http://www.saoing.com/134.0.htm
Connecting to www.saoing.com (www.saoing.com)|107.180.38.221|:80... connected.
HTTP request sent, awaiting response... Read error (Connection reset by peer) in headers.
Giving up.

--2025-04-12 09:59:17--  http://www.saoing.com/76.5.htm
Connecting to www.saoing.com (www.saoing.com)|107.180.38.221|:80... connected.
HTTP request sent, awaiting response... Read error (Connection reset by peer) in headers.
Retrying.

--2025-04-12 09:59:18--  (try: 2)  http://www.saoing.com/76.5.htm
Connecting to www.saoing.com (www.saoing.com)|107.180.38.221|:80... connected.
HTTP request sent, awaiting response... Read error (Connection reset by peer) in headers.
Retrying.

--2025-04-12 09:59:20--  (try: 3)  http://www.saoing.com/76.5.htm
Connecting to www.saoing.com (www.saoing.com)|107.180.38.221|:80... connected.
HTTP request sent, awaiting response... Read error (Connection reset by peer) in headers.
Giving up.

--2025-04-12 09:59:20--  http://www.saoing.com/78.5.htm
Connecting to www.saoing.com (www.saoing.com)|107.180.38.221|:80... connected.
HTTP request sent, awaiting response... Read error (Connection reset by peer) in headers.
Retrying.

--2025-04-12 09:59:21--  (try: 2)  http://www.saoing.com/78.5.htm
Connecting to www.saoing.com (www.saoing.com)|107.180.38.221|:80... connected.
HTTP request sent, awaiting response... Read error (Connection reset by peer) in headers.
Retrying.

--2025-04-12 09:59:23--  (try: 3)  http://www.saoing.com/78.5.htm
Connecting to www.saoing.com (www.saoing.com)|107.180.38.221|:80... connected.
HTTP request sent, awaiting response... Read error (Connection reset by peer) in headers.
Giving up.

--2025-04-12 09:59:23--  http://www.saoing.com/138.0.htm
Connecting to www.saoing.com (www.saoing.com)|107.180.38.221|:80... connected.
HTTP request sent, awaiting response... Read error (Connection reset by peer) in headers.
Retrying.

--2025-04-12 09:59:24--  (try: 2)  http://www.saoing.com/138.0.htm
Connecting to www.saoing.com (www.saoing.com)|107.180.38.221|:80... connected.
HTTP request sent, awaiting response... Read error (Connection reset by peer) in headers.
Retrying.

--2025-04-12 09:59:26--  (try: 3)  http://www.saoing.com/138.0.htm
Connecting to www.saoing.com (www.saoing.com)|107.180.38.221|:80... connected.
HTTP request sent, awaiting response... Read error (Connection reset by peer) in headers.
Giving up.

--2025-04-12 09:59:26--  http://www.saoing.com/80.0.htm
Connecting to www.saoing.com (www.saoing.com)|107.180.38.221|:80... connected.
HTTP request sent, awaiting response... Read error (Connection reset by peer) in headers.
Retrying.

--2025-04-12 09:59:27--  (try: 2)  http://www.saoing.com/80.0.htm
Connecting to www.saoing.com (www.saoing.com)|107.180.38.221|:80... connected.
HTTP request sent, awaiting response... Read error (Connection reset by peer) in headers.
Retrying.

--2025-04-12 09:59:29--  (try: 3)  http://www.saoing.com/80.0.htm
Connecting to www.saoing.com (www.saoing.com)|107.180.38.221|:80... connected.
HTTP request sent, awaiting response... Read error (Connection reset by peer) in headers.
Giving up.

--2025-04-12 09:59:29--  http://www.saoing.com/140.0.htm
Connecting to www.saoing.com (www.saoing.com)|107.180.38.221|:80... connected.
HTTP request sent, awaiting response... Read error (Connection reset by peer) in headers.
Retrying.

--2025-04-12 09:59:30--  (try: 2)  http://www.saoing.com/140.0.htm
Connecting to www.saoing.com (www.saoing.com)|107.180.38.221|:80... connected.
HTTP request sent, awaiting response... Read error (Connection reset by peer) in headers.
Retrying.

--2025-04-12 09:59:32--  (try: 3)  http://www.saoing.com/140.0.htm
Connecting to www.saoing.com (www.saoing.com)|107.180.38.221|:80... connected.
HTTP request sent, awaiting response... Read error (Connection reset by peer) in headers.
Giving up.

--2025-04-12 09:59:32--  http://www.saoing.com/83.0.htm
Connecting to www.saoing.com (www.saoing.com)|107.180.38.221|:80... connected.
HTTP request sent, awaiting response... Read error (Connection reset by peer) in headers.
Retrying.

--2025-04-12 09:59:33--  (try: 2)  http://www.saoing.com/83.0.htm
Connecting to www.saoing.com (www.saoing.com)|107.180.38.221|:80... connected.
HTTP request sent, awaiting response... Read error (Connection reset by peer) in headers.
Retrying.

--2025-04-12 09:59:35--  (try: 3)  http://www.saoing.com/83.0.htm
Connecting to www.saoing.com (www.saoing.com)|107.180.38.221|:80... connected.
HTTP request sent, awaiting response... Read error (Connection reset by peer) in headers.
Giving up.

--2025-04-12 09:59:35--  http://www.saoing.com/142.0.htm
Connecting to www.saoing.com (www.saoing.com)|107.180.38.221|:80... connected.
HTTP request sent, awaiting response... Read error (Connection reset by peer) in headers.
Retrying.

--2025-04-12 09:59:36--  (try: 2)  http://www.saoing.com/142.0.htm
Connecting to www.saoing.com (www.saoing.com)|107.180.38.221|:80... connected.
HTTP request sent, awaiting response... Read error (Connection reset by peer) in headers.
Retrying.

--2025-04-12 09:59:38--  (try: 3)  http://www.saoing.com/142.0.htm
Connecting to www.saoing.com (www.saoing.com)|107.180.38.221|:80... connected.
HTTP request sent, awaiting response... Read error (Connection reset by peer) in headers.
Giving up.

--2025-04-12 09:59:38--  http://www.saoing.com/85.0-Intelsat15.htm
Connecting to www.saoing.com (www.saoing.com)|107.180.38.221|:80... connected.
HTTP request sent, awaiting response... Read error (Connection reset by peer) in headers.
Retrying.

--2025-04-12 09:59:39--  (try: 2)  http://www.saoing.com/85.0-Intelsat15.htm
Connecting to www.saoing.com (www.saoing.com)|107.180.38.221|:80... connected.
HTTP request sent, awaiting response... Read error (Connection reset by peer) in headers.
Retrying.

--2025-04-12 09:59:41--  (try: 3)  http://www.saoing.com/85.0-Intelsat15.htm
Connecting to www.saoing.com (www.saoing.com)|107.180.38.221|:80... connected.
HTTP request sent, awaiting response... Read error (Connection reset by peer) in headers.
Giving up.

--2025-04-12 09:59:41--  http://www.saoing.com/144.0.htm
Connecting to www.saoing.com (www.saoing.com)|107.180.38.221|:80... connected.
HTTP request sent, awaiting response... Read error (Connection reset by peer) in headers.
Retrying.

--2025-04-12 09:59:42--  (try: 2)  http://www.saoing.com/144.0.htm
Connecting to www.saoing.com (www.saoing.com)|107.180.38.221|:80... connected.
HTTP request sent, awaiting response... Read error (Connection reset by peer) in headers.
Retrying.

--2025-04-12 09:59:44--  (try: 3)  http://www.saoing.com/144.0.htm
Connecting to www.saoing.com (www.saoing.com)|107.180.38.221|:80... connected.
HTTP request sent, awaiting response... Read error (Connection reset by peer) in headers.
Giving up.

--2025-04-12 09:59:44--  http://www.saoing.com/87.5.htm
Connecting to www.saoing.com (www.saoing.com)|107.180.38.221|:80... connected.
HTTP request sent, awaiting response... Read error (Connection reset by peer) in headers.
Retrying.

--2025-04-12 09:59:45--  (try: 2)  http://www.saoing.com/87.5.htm
Connecting to www.saoing.com (www.saoing.com)|107.180.38.221|:80... connected.
HTTP request sent, awaiting response... Read error (Connection reset by peer) in headers.
Retrying.

--2025-04-12 09:59:47--  (try: 3)  http://www.saoing.com/87.5.htm
Connecting to www.saoing.com (www.saoing.com)|107.180.38.221|:80... connected.
HTTP request sent, awaiting response... Read error (Connection reset by peer) in headers.
Giving up.

--2025-04-12 09:59:47--  http://www.saoing.com/145.0.htm
Connecting to www.saoing.com (www.saoing.com)|107.180.38.221|:80... connected.
HTTP request sent, awaiting response... Read error (Connection reset by peer) in headers.
Retrying.

--2025-04-12 09:59:48--  (try: 2)  http://www.saoing.com/145.0.htm
Connecting to www.saoing.com (www.saoing.com)|107.180.38.221|:80... connected.
HTTP request sent, awaiting response... Read error (Connection reset by peer) in headers.
Retrying.

--2025-04-12 09:59:50--  (try: 3)  http://www.saoing.com/145.0.htm
Connecting to www.saoing.com (www.saoing.com)|107.180.38.221|:80... connected.
HTTP request sent, awaiting response... Read error (Connection reset by peer) in headers.
Giving up.

--2025-04-12 09:59:50--  http://www.saoing.com/88.0.htm
Connecting to www.saoing.com (www.saoing.com)|107.180.38.221|:80... connected.
HTTP request sent, awaiting response... Read error (Connection reset by peer) in headers.
Retrying.

--2025-04-12 09:59:51--  (try: 2)  http://www.saoing.com/88.0.htm
Connecting to www.saoing.com (www.saoing.com)|107.180.38.221|:80... connected.
HTTP request sent, awaiting response... Read error (Connection reset by peer) in headers.
Retrying.

--2025-04-12 09:59:54--  (try: 3)  http://www.saoing.com/88.0.htm
Connecting to www.saoing.com (www.saoing.com)|107.180.38.221|:80... connected.
HTTP request sent, awaiting response... Read error (Connection reset by peer) in headers.
Giving up.

--2025-04-12 09:59:54--  http://www.saoing.com/146.0.htm
Connecting to www.saoing.com (www.saoing.com)|107.180.38.221|:80... connected.
HTTP request sent, awaiting response... Read error (Connection reset by peer) in headers.
Retrying.

--2025-04-12 09:59:55--  (try: 2)  http://www.saoing.com/146.0.htm
Connecting to www.saoing.com (www.saoing.com)|107.180.38.221|:80... connected.
HTTP request sent, awaiting response... Read error (Connection reset by peer) in headers.
Retrying.

--2025-04-12 09:59:57--  (try: 3)  http://www.saoing.com/146.0.htm
Connecting to www.saoing.com (www.saoing.com)|107.180.38.221|:80... connected.
HTTP request sent, awaiting response... Read error (Connection reset by peer) in headers.
Giving up.

--2025-04-12 09:59:57--  http://www.saoing.com/90.0.htm
Connecting to www.saoing.com (www.saoing.com)|107.180.38.221|:80... connected.
HTTP request sent, awaiting response... Read error (Connection reset by peer) in headers.
Retrying.

--2025-04-12 09:59:58--  (try: 2)  http://www.saoing.com/90.0.htm
Connecting to www.saoing.com (www.saoing.com)|107.180.38.221|:80... connected.
HTTP request sent, awaiting response... Read error (Connection reset by peer) in headers.
Retrying.

--2025-04-12 10:00:00--  (try: 3)  http://www.saoing.com/90.0.htm
Connecting to www.saoing.com (www.saoing.com)|107.180.38.221|:80... connected.
HTTP request sent, awaiting response... Read error (Connection reset by peer) in headers.
Giving up.

--2025-04-12 10:00:00--  http://www.saoing.com/150.5.htm
Connecting to www.saoing.com (www.saoing.com)|107.180.38.221|:80... connected.
HTTP request sent, awaiting response... Read error (Connection reset by peer) in headers.
Retrying.

--2025-04-12 10:00:01--  (try: 2)  http://www.saoing.com/150.5.htm
Connecting to www.saoing.com (www.saoing.com)|107.180.38.221|:80... connected.
HTTP request sent, awaiting response... Read error (Connection reset by peer) in headers.
Retrying.

--2025-04-12 10:00:03--  (try: 3)  http://www.saoing.com/150.5.htm
Connecting to www.saoing.com (www.saoing.com)|107.180.38.221|:80... connected.
HTTP request sent, awaiting response... Read error (Connection reset by peer) in headers.
Giving up.

--2025-04-12 10:00:03--  http://www.saoing.com/91.5.htm
Connecting to www.saoing.com (www.saoing.com)|107.180.38.221|:80... connected.
HTTP request sent, awaiting response... Read error (Connection reset by peer) in headers.
Retrying.

--2025-04-12 10:00:04--  (try: 2)  http://www.saoing.com/91.5.htm
Connecting to www.saoing.com (www.saoing.com)|107.180.38.221|:80... connected.
HTTP request sent, awaiting response... Read error (Connection reset by peer) in headers.
Retrying.

--2025-04-12 10:00:06--  (try: 3)  http://www.saoing.com/91.5.htm
Connecting to www.saoing.com (www.saoing.com)|107.180.38.221|:80... connected.
HTTP request sent, awaiting response... Read error (Connection reset by peer) in headers.
Giving up.

--2025-04-12 10:00:06--  http://www.saoing.com/154.0.htm
Connecting to www.saoing.com (www.saoing.com)|107.180.38.221|:80... connected.
HTTP request sent, awaiting response... Read error (Connection reset by peer) in headers.
Retrying.

--2025-04-12 10:00:07--  (try: 2)  http://www.saoing.com/154.0.htm
Connecting to www.saoing.com (www.saoing.com)|107.180.38.221|:80... connected.
HTTP request sent, awaiting response... Read error (Connection reset by peer) in headers.
Retrying.

--2025-04-12 10:00:09--  (try: 3)  http://www.saoing.com/154.0.htm
Connecting to www.saoing.com (www.saoing.com)|107.180.38.221|:80... connected.
HTTP request sent, awaiting response... Read error (Connection reset by peer) in headers.
Giving up.

--2025-04-12 10:00:09--  http://www.saoing.com/92.2.htm
Connecting to www.saoing.com (www.saoing.com)|107.180.38.221|:80... connected.
HTTP request sent, awaiting response... Read error (Connection reset by peer) in headers.
Retrying.

--2025-04-12 10:00:10--  (try: 2)  http://www.saoing.com/92.2.htm
Connecting to www.saoing.com (www.saoing.com)|107.180.38.221|:80... connected.
HTTP request sent, awaiting response... Read error (Connection reset by peer) in headers.
Retrying.

--2025-04-12 10:00:12--  (try: 3)  http://www.saoing.com/92.2.htm
Connecting to www.saoing.com (www.saoing.com)|107.180.38.221|:80... connected.
HTTP request sent, awaiting response... Read error (Connection reset by peer) in headers.
Giving up.

--2025-04-12 10:00:12--  http://www.saoing.com/156.0.htm
Connecting to www.saoing.com (www.saoing.com)|107.180.38.221|:80... connected.
HTTP request sent, awaiting response... Read error (Connection reset by peer) in headers.
Retrying.

--2025-04-12 10:00:13--  (try: 2)  http://www.saoing.com/156.0.htm
Connecting to www.saoing.com (www.saoing.com)|107.180.38.221|:80... connected.
HTTP request sent, awaiting response... Read error (Connection reset by peer) in headers.
Retrying.

--2025-04-12 10:00:15--  (try: 3)  http://www.saoing.com/156.0.htm
Connecting to www.saoing.com (www.saoing.com)|107.180.38.221|:80... connected.
HTTP request sent, awaiting response... Read error (Connection reset by peer) in headers.
Giving up.

--2025-04-12 10:00:15--  http://www.saoing.com/93.5.htm
Connecting to www.saoing.com (www.saoing.com)|107.180.38.221|:80... connected.
HTTP request sent, awaiting response... Read error (Connection reset by peer) in headers.
Retrying.

--2025-04-12 10:00:16--  (try: 2)  http://www.saoing.com/93.5.htm
Connecting to www.saoing.com (www.saoing.com)|107.180.38.221|:80... connected.
HTTP request sent, awaiting response... Read error (Connection reset by peer) in headers.
Retrying.

--2025-04-12 10:00:18--  (try: 3)  http://www.saoing.com/93.5.htm
Connecting to www.saoing.com (www.saoing.com)|107.180.38.221|:80... connected.
HTTP request sent, awaiting response... Read error (Connection reset by peer) in headers.
Giving up.

--2025-04-12 10:00:18--  http://www.saoing.com/159.0.htm
Connecting to www.saoing.com (www.saoing.com)|107.180.38.221|:80... connected.
HTTP request sent, awaiting response... Read error (Connection reset by peer) in headers.
Retrying.

--2025-04-12 10:00:19--  (try: 2)  http://www.saoing.com/159.0.htm
Connecting to www.saoing.com (www.saoing.com)|107.180.38.221|:80... connected.
HTTP request sent, awaiting response... Read error (Connection reset by peer) in headers.
Retrying.

--2025-04-12 10:00:21--  (try: 3)  http://www.saoing.com/159.0.htm
Connecting to www.saoing.com (www.saoing.com)|107.180.38.221|:80... connected.
HTTP request sent, awaiting response... Read error (Connection reset by peer) in headers.
Giving up.

--2025-04-12 10:00:21--  http://www.saoing.com/95.0.htm
Connecting to www.saoing.com (www.saoing.com)|107.180.38.221|:80... connected.
HTTP request sent, awaiting response... Read error (Connection reset by peer) in headers.
Retrying.

--2025-04-12 10:00:22--  (try: 2)  http://www.saoing.com/95.0.htm
Connecting to www.saoing.com (www.saoing.com)|107.180.38.221|:80... connected.
HTTP request sent, awaiting response... Read error (Connection reset by peer) in headers.
Retrying.

--2025-04-12 10:00:24--  (try: 3)  http://www.saoing.com/95.0.htm
Connecting to www.saoing.com (www.saoing.com)|107.180.38.221|:80... connected.
HTTP request sent, awaiting response... Read error (Connection reset by peer) in headers.
Giving up.

--2025-04-12 10:00:24--  http://www.saoing.com/162.0.htm
Connecting to www.saoing.com (www.saoing.com)|107.180.38.221|:80... connected.
HTTP request sent, awaiting response... Read error (Connection reset by peer) in headers.
Retrying.

--2025-04-12 10:00:25--  (try: 2)  http://www.saoing.com/162.0.htm
Connecting to www.saoing.com (www.saoing.com)|107.180.38.221|:80... connected.
HTTP request sent, awaiting response... Read error (Connection reset by peer) in headers.
Retrying.

--2025-04-12 10:00:27--  (try: 3)  http://www.saoing.com/162.0.htm
Connecting to www.saoing.com (www.saoing.com)|107.180.38.221|:80... connected.
HTTP request sent, awaiting response... Read error (Connection reset by peer) in headers.
Giving up.

--2025-04-12 10:00:27--  http://www.saoing.com/96.5.htm
Connecting to www.saoing.com (www.saoing.com)|107.180.38.221|:80... connected.
HTTP request sent, awaiting response... Read error (Connection reset by peer) in headers.
Retrying.

--2025-04-12 10:00:28--  (try: 2)  http://www.saoing.com/96.5.htm
Connecting to www.saoing.com (www.saoing.com)|107.180.38.221|:80... connected.
HTTP request sent, awaiting response... Read error (Connection reset by peer) in headers.
Retrying.

--2025-04-12 10:00:30--  (try: 3)  http://www.saoing.com/96.5.htm
Connecting to www.saoing.com (www.saoing.com)|107.180.38.221|:80... connected.
HTTP request sent, awaiting response... Read error (Connection reset by peer) in headers.
Giving up.

--2025-04-12 10:00:30--  http://www.saoing.com/163.0.htm
Connecting to www.saoing.com (www.saoing.com)|107.180.38.221|:80... connected.
HTTP request sent, awaiting response... Read error (Connection reset by peer) in headers.
Retrying.

--2025-04-12 10:00:31--  (try: 2)  http://www.saoing.com/163.0.htm
Connecting to www.saoing.com (www.saoing.com)|107.180.38.221|:80... connected.
HTTP request sent, awaiting response... Read error (Connection reset by peer) in headers.
Retrying.

--2025-04-12 10:00:33--  (try: 3)  http://www.saoing.com/163.0.htm
Connecting to www.saoing.com (www.saoing.com)|107.180.38.221|:80... connected.
HTTP request sent, awaiting response... Read error (Connection reset by peer) in headers.
Giving up.

--2025-04-12 10:00:33--  http://www.saoing.com/97.3.htm
Connecting to www.saoing.com (www.saoing.com)|107.180.38.221|:80... connected.
HTTP request sent, awaiting response... Read error (Connection reset by peer) in headers.
Retrying.

--2025-04-12 10:00:34--  (try: 2)  http://www.saoing.com/97.3.htm
Connecting to www.saoing.com (www.saoing.com)|107.180.38.221|:80... connected.
HTTP request sent, awaiting response... Read error (Connection reset by peer) in headers.
Retrying.

--2025-04-12 10:00:36--  (try: 3)  http://www.saoing.com/97.3.htm
Connecting to www.saoing.com (www.saoing.com)|107.180.38.221|:80... connected.
HTTP request sent, awaiting response... Read error (Connection reset by peer) in headers.
Giving up.

--2025-04-12 10:00:36--  http://www.saoing.com/166.0.htm
Connecting to www.saoing.com (www.saoing.com)|107.180.38.221|:80... connected.
HTTP request sent, awaiting response... Read error (Connection reset by peer) in headers.
Retrying.

--2025-04-12 10:00:37--  (try: 2)  http://www.saoing.com/166.0.htm
Connecting to www.saoing.com (www.saoing.com)|107.180.38.221|:80... connected.
HTTP request sent, awaiting response... Read error (Connection reset by peer) in headers.
Retrying.

--2025-04-12 10:00:39--  (try: 3)  http://www.saoing.com/166.0.htm
Connecting to www.saoing.com (www.saoing.com)|107.180.38.221|:80... connected.
HTTP request sent, awaiting response... Read error (Connection reset by peer) in headers.
Giving up.

--2025-04-12 10:00:39--  http://www.saoing.com/98.0.htm
Connecting to www.saoing.com (www.saoing.com)|107.180.38.221|:80... connected.
HTTP request sent, awaiting response... Read error (Connection reset by peer) in headers.
Retrying.

--2025-04-12 10:00:40--  (try: 2)  http://www.saoing.com/98.0.htm
Connecting to www.saoing.com (www.saoing.com)|107.180.38.221|:80... connected.
HTTP request sent, awaiting response... Read error (Connection reset by peer) in headers.
Retrying.

--2025-04-12 10:00:42--  (try: 3)  http://www.saoing.com/98.0.htm
Connecting to www.saoing.com (www.saoing.com)|107.180.38.221|:80... connected.
HTTP request sent, awaiting response... Read error (Connection reset by peer) in headers.
Giving up.

--2025-04-12 10:00:42--  http://www.saoing.com/169.0.htm
Connecting to www.saoing.com (www.saoing.com)|107.180.38.221|:80... connected.
HTTP request sent, awaiting response... Read error (Connection reset by peer) in headers.
Retrying.

--2025-04-12 10:00:43--  (try: 2)  http://www.saoing.com/169.0.htm
Connecting to www.saoing.com (www.saoing.com)|107.180.38.221|:80... connected.
HTTP request sent, awaiting response... Read error (Connection reset by peer) in headers.
Retrying.

--2025-04-12 10:00:45--  (try: 3)  http://www.saoing.com/169.0.htm
Connecting to www.saoing.com (www.saoing.com)|107.180.38.221|:80... connected.
HTTP request sent, awaiting response... Read error (Connection reset by peer) in headers.
Giving up.

--2025-04-12 10:00:45--  http://www.saoing.com/100.5.htm
Connecting to www.saoing.com (www.saoing.com)|107.180.38.221|:80... connected.
HTTP request sent, awaiting response... Read error (Connection reset by peer) in headers.
Retrying.

--2025-04-12 10:00:46--  (try: 2)  http://www.saoing.com/100.5.htm
Connecting to www.saoing.com (www.saoing.com)|107.180.38.221|:80... connected.
HTTP request sent, awaiting response... Read error (Connection reset by peer) in headers.
Retrying.

--2025-04-12 10:00:48--  (try: 3)  http://www.saoing.com/100.5.htm
Connecting to www.saoing.com (www.saoing.com)|107.180.38.221|:80... connected.
HTTP request sent, awaiting response... Read error (Connection reset by peer) in headers.
Giving up.

--2025-04-12 10:00:48--  http://www.saoing.com/172.0.htm
Connecting to www.saoing.com (www.saoing.com)|107.180.38.221|:80... connected.
HTTP request sent, awaiting response... Read error (Connection reset by peer) in headers.
Retrying.

--2025-04-12 10:00:49--  (try: 2)  http://www.saoing.com/172.0.htm
Connecting to www.saoing.com (www.saoing.com)|107.180.38.221|:80... connected.
HTTP request sent, awaiting response... Read error (Connection reset by peer) in headers.
Retrying.

--2025-04-12 10:00:51--  (try: 3)  http://www.saoing.com/172.0.htm
Connecting to www.saoing.com (www.saoing.com)|107.180.38.221|:80... connected.
HTTP request sent, awaiting response... Read error (Connection reset by peer) in headers.
Giving up.

--2025-04-12 10:00:51--  http://www.saoing.com/101.4.htm
Connecting to www.saoing.com (www.saoing.com)|107.180.38.221|:80... connected.
HTTP request sent, awaiting response... Read error (Connection reset by peer) in headers.
Retrying.

--2025-04-12 10:00:52--  (try: 2)  http://www.saoing.com/101.4.htm
Connecting to www.saoing.com (www.saoing.com)|107.180.38.221|:80... connected.
HTTP request sent, awaiting response... Read error (Connection reset by peer) in headers.
Retrying.

--2025-04-12 10:00:54--  (try: 3)  http://www.saoing.com/101.4.htm
Connecting to www.saoing.com (www.saoing.com)|107.180.38.221|:80... connected.
HTTP request sent, awaiting response... Read error (Connection reset by peer) in headers.
Giving up.

--2025-04-12 10:00:54--  http://www.saoing.com/180.0.htm
Connecting to www.saoing.com (www.saoing.com)|107.180.38.221|:80... connected.
HTTP request sent, awaiting response... Read error (Connection reset by peer) in headers.
Retrying.

--2025-04-12 10:00:55--  (try: 2)  http://www.saoing.com/180.0.htm
Connecting to www.saoing.com (www.saoing.com)|107.180.38.221|:80... connected.
HTTP request sent, awaiting response... Read error (Connection reset by peer) in headers.
Retrying.

--2025-04-12 10:00:57--  (try: 3)  http://www.saoing.com/180.0.htm
Connecting to www.saoing.com (www.saoing.com)|107.180.38.221|:80... connected.
HTTP request sent, awaiting response... Read error (Connection reset by peer) in headers.
Giving up.

--2025-04-12 10:00:57--  http://www.saoing.com/103.0.htm
Connecting to www.saoing.com (www.saoing.com)|107.180.38.221|:80... connected.
HTTP request sent, awaiting response... Read error (Connection reset by peer) in headers.
Retrying.

--2025-04-12 10:00:58--  (try: 2)  http://www.saoing.com/103.0.htm
Connecting to www.saoing.com (www.saoing.com)|107.180.38.221|:80... connected.
HTTP request sent, awaiting response... Read error (Connection reset by peer) in headers.
Retrying.

--2025-04-12 10:01:00--  (try: 3)  http://www.saoing.com/103.0.htm
Connecting to www.saoing.com (www.saoing.com)|107.180.38.221|:80... connected.
HTTP request sent, awaiting response... Read error (Connection reset by peer) in headers.
Giving up.

--2025-04-12 10:01:00--  http://www.saoing.com/183.0-NSS9.htm
Connecting to www.saoing.com (www.saoing.com)|107.180.38.221|:80... connected.
HTTP request sent, awaiting response... Read error (Connection reset by peer) in headers.
Retrying.

--2025-04-12 10:01:01--  (try: 2)  http://www.saoing.com/183.0-NSS9.htm
Connecting to www.saoing.com (www.saoing.com)|107.180.38.221|:80... connected.
HTTP request sent, awaiting response... Read error (Connection reset by peer) in headers.
Retrying.

--2025-04-12 10:01:03--  (try: 3)  http://www.saoing.com/183.0-NSS9.htm
Connecting to www.saoing.com (www.saoing.com)|107.180.38.221|:80... connected.
HTTP request sent, awaiting response... Read error (Connection reset by peer) in headers.
Giving up.

--2025-04-12 10:01:03--  http://www.saoing.com/105.5.htm
Connecting to www.saoing.com (www.saoing.com)|107.180.38.221|:80... connected.
HTTP request sent, awaiting response... Read error (Connection reset by peer) in headers.
Retrying.

--2025-04-12 10:01:04--  (try: 2)  http://www.saoing.com/105.5.htm
Connecting to www.saoing.com (www.saoing.com)|107.180.38.221|:80... connected.
HTTP request sent, awaiting response... Read error (Connection reset by peer) in headers.
Retrying.

--2025-04-12 10:01:07--  (try: 3)  http://www.saoing.com/105.5.htm
Connecting to www.saoing.com (www.saoing.com)|107.180.38.221|:80... connected.
HTTP request sent, awaiting response... Read error (Connection reset by peer) in headers.
Giving up.

FINISHED --2025-04-12 10:01:07--
Total wall clock time: 4m 22s
Downloaded: 1 files, 40K in 0.01s (3.66 MB/s)
Converting links in webpages-202504120956/www.saoing.com/index.html... 88.
1-87
Converted links in 1 files in 0.001 seconds.
